<?xml version="1.0" encoding="UTF-8"?>
<!-- Generated by org.testng.reporters.JUnitReportReporter -->
<testsuite hostname="DESKTOP-PKNTS47" failures="0" tests="1" name="testscript.JavaScriptExecutor" time="12.661" errors="0" timestamp="2024-08-05T15:21:19 IST" skipped="0">
  <testcase classname="testscript.JavaScriptExecutor" name="javascriptExecutorTest" time="12.661"/>
  <system-out/>
</testsuite> <!-- testscript.JavaScriptExecutor -->
