<?xml version="1.0" encoding="UTF-8"?>
<!-- Generated by org.testng.reporters.JUnitReportReporter -->
<testsuite hostname="DESKTOP-PKNTS47" failures="0" tests="1" name="testscript.AssignmentAlert" time="43.084" errors="0" timestamp="2024-08-03T15:23:28 IST" skipped="0">
  <testcase classname="testscript.AssignmentAlert" name="techlistic" time="43.084"/>
  <system-out/>
</testsuite> <!-- testscript.AssignmentAlert -->
