<?xml version="1.0" encoding="UTF-8"?>
<!-- Generated by org.testng.reporters.JUnitReportReporter -->
<testsuite hostname="DESKTOP-PKNTS47" failures="0" tests="1" name="testscript.FileUpload" time="14.050" errors="0" timestamp="2024-08-07T15:32:08 IST" skipped="0">
  <testcase classname="testscript.FileUpload" name="fileUploadUsingRobotClass" time="14.050"/>
  <system-out/>
</testsuite> <!-- testscript.FileUpload -->
