<?xml version="1.0" encoding="UTF-8"?>
<!-- Generated by org.testng.reporters.JUnitReportReporter -->
<testsuite hostname="DESKTOP-PKNTS47" failures="0" tests="3" name="testscript.TestProgram" time="23.808" errors="0" timestamp="2024-07-30T15:17:28 IST" skipped="0">
  <testcase classname="testscript.TestProgram" name="test1" time="9.977"/>
  <system-out/>
  <testcase classname="testscript.TestProgram" name="show" time="6.478"/>
  <system-out/>
  <testcase classname="testscript.TestProgram" name="display" time="7.353"/>
  <system-out/>
</testsuite> <!-- testscript.TestProgram -->
