<?xml version="1.0" encoding="UTF-8"?>
<!-- Generated by org.testng.reporters.JUnitReportReporter -->
<testsuite hostname="DESKTOP-PKNTS47" failures="0" tests="1" name="testscript.Assignment" time="18.027" errors="0" timestamp="2024-07-30T16:49:52 IST" skipped="0">
  <testcase classname="testscript.Assignment" name="frameHandling" time="18.027"/>
  <system-out/>
</testsuite> <!-- testscript.Assignment -->
