<?xml version="1.0" encoding="UTF-8"?>
<!-- Generated by org.testng.reporters.JUnitReportReporter -->
<testsuite hostname="DESKTOP-PKNTS47" failures="0" tests="1" name="testscript.DropDown" time="7.773" errors="0" timestamp="2024-07-30T16:28:37 IST" skipped="0">
  <testcase classname="testscript.DropDown" name="dropDown" time="7.773"/>
  <system-out/>
</testsuite> <!-- testscript.DropDown -->
